{
  "stats": {
    "suites": 1,
    "tests": 3,
    "passes": 3,
    "pending": 0,
    "failures": 0,
    "start": "2023-10-16T08:00:39.168Z",
    "end": "2023-10-16T08:01:08.272Z",
    "duration": 29104,
    "testsRegistered": 3,
    "passPercent": 100,
    "pendingPercent": 0,
    "other": 0,
    "hasOther": false,
    "skipped": 0,
    "hasSkipped": false
  },
  "results": [
    {
      "uuid": "87e11fa8-c330-44aa-b39d-57403dd796eb",
      "title": "",
      "fullFile": "cypress/e2e/forIndividualPage.cy.js",
      "file": "cypress/e2e/forIndividualPage.cy.js",
      "beforeHooks": [],
      "afterHooks": [],
      "tests": [],
      "suites": [
        {
          "uuid": "492d24f1-19cf-4d6c-b1f3-e2eb0aef3ee9",
          "title": "for individual Page",
          "fullFile": "",
          "file": "",
          "beforeHooks": [],
          "afterHooks": [],
          "tests": [
            {
              "title": "The all links should work properly",
              "fullTitle": "for individual Page The all links should work properly",
              "timedOut": null,
              "duration": 17980,
              "state": "passed",
              "speed": "slow",
              "pass": true,
              "fail": false,
              "pending": false,
              "context": null,
              "code": "cy.get('a').each(link => {\n  if (link.prop('href')) {\n    cy.request({\n      url: link.prop('href'),\n      failOnStatusCode: false,\n      timeout: 10000\n    });\n    cy.log(link.prop('href'));\n  }\n});",
              "err": {},
              "uuid": "4120577c-47f8-4c76-9d53-372e80fcf515",
              "parentUUID": "492d24f1-19cf-4d6c-b1f3-e2eb0aef3ee9",
              "isHook": false,
              "skipped": false
            },
            {
              "title": "css of the Page",
              "fullTitle": "for individual Page css of the Page",
              "timedOut": null,
              "duration": 7089,
              "state": "passed",
              "speed": "medium",
              "pass": true,
              "fail": false,
              "pending": false,
              "context": null,
              "code": "const individualPage = new _forIndividualPage.default();\n// individualPage.forIndividual.click({force:true});\ncy.get(`div[class='AppBar_AppBarMiddleMenu__rXXyx'] li:nth-child(1) a:nth-child(1)`).click();\ncy.wait(5000);\nindividualPage.amplifyYourFinanceImg.should('be.visible');\nindividualPage.slideRentreceipt.should('be.visible');\nindividualPage.salaryOptimizationImage.should('be.visible');\nindividualPage.solutionImage.should('be.visible');\nindividualPage.clientSpeakSlide.should('be.visible');\nindividualPage.knowledgeImage.should('be.visible');\nindividualPage.supportSection.should('be.visible');\nindividualPage.newsLetterSection.should('be.visible');\nindividualPage.footerSection.should('be.visible');",
              "err": {},
              "uuid": "433d69b1-1f11-4f74-ac02-1dd79921b838",
              "parentUUID": "492d24f1-19cf-4d6c-b1f3-e2eb0aef3ee9",
              "isHook": false,
              "skipped": false
            },
            {
              "title": "Click on the Get Started Button, It should take you to the Jann",
              "fullTitle": "for individual Page Click on the Get Started Button, It should take you to the Jann",
              "timedOut": null,
              "duration": 2919,
              "state": "passed",
              "speed": "fast",
              "pass": true,
              "fail": false,
              "pending": false,
              "context": null,
              "code": "const individualPage = new _forIndividualPage.default();\nindividualPage.getStaredButton.invoke('removeAttr', 'target').click();\ncy.url().should('eq', 'https://www.jann.moolfinance.com/rentReceipt/create');\ncy.go('back');",
              "err": {},
              "uuid": "b8dc36e4-2fb3-4ec2-8560-b1007d24ee50",
              "parentUUID": "492d24f1-19cf-4d6c-b1f3-e2eb0aef3ee9",
              "isHook": false,
              "skipped": false
            }
          ],
          "suites": [],
          "passes": [
            "4120577c-47f8-4c76-9d53-372e80fcf515",
            "433d69b1-1f11-4f74-ac02-1dd79921b838",
            "b8dc36e4-2fb3-4ec2-8560-b1007d24ee50"
          ],
          "failures": [],
          "pending": [],
          "skipped": [],
          "duration": 27988,
          "root": false,
          "rootEmpty": false,
          "_timeout": 2000
        }
      ],
      "passes": [],
      "failures": [],
      "pending": [],
      "skipped": [],
      "duration": 0,
      "root": true,
      "rootEmpty": true,
      "_timeout": 2000
    }
  ],
  "meta": {
    "mocha": {
      "version": "7.0.1"
    },
    "mochawesome": {
      "options": {
        "quiet": false,
        "reportFilename": "mochawesome",
        "saveHtml": false,
        "saveJson": true,
        "consoleReporter": "spec",
        "useInlineDiffs": false,
        "code": true
      },
      "version": "7.1.3"
    },
    "marge": {
      "options": {
        "overwrite": false,
        "html": false,
        "json": true,
        "reportDir": "cypress/reports/html/.jsons"
      },
      "version": "6.2.0"
    }
  }
}