{
  "stats": {
    "suites": 1,
    "tests": 3,
    "passes": 3,
    "pending": 0,
    "failures": 0,
    "start": "2023-10-16T08:02:57.018Z",
    "end": "2023-10-16T08:03:10.050Z",
    "duration": 13032,
    "testsRegistered": 3,
    "passPercent": 100,
    "pendingPercent": 0,
    "other": 0,
    "hasOther": false,
    "skipped": 0,
    "hasSkipped": false
  },
  "results": [
    {
      "uuid": "c87064f0-779a-4123-a081-4d8355253507",
      "title": "",
      "fullFile": "cypress/e2e/allCalculator/GovermentSchemeCalculators/ppfCalculator.cy.js",
      "file": "cypress/e2e/allCalculator/GovermentSchemeCalculators/ppfCalculator.cy.js",
      "beforeHooks": [],
      "afterHooks": [],
      "tests": [],
      "suites": [
        {
          "uuid": "77780cdb-9ae6-4c6d-ba08-385256690d4d",
          "title": "PPF Calculator",
          "fullFile": "",
          "file": "",
          "beforeHooks": [],
          "afterHooks": [],
          "tests": [
            {
              "title": "Check all the links of the page",
              "fullTitle": "PPF Calculator Check all the links of the page",
              "timedOut": null,
              "duration": 8386,
              "state": "passed",
              "speed": "medium",
              "pass": true,
              "fail": false,
              "pending": false,
              "context": null,
              "code": "cy.get('a').each(link => {\n  if (link.prop('href')) {\n    cy.request({\n      url: link.prop('href'),\n      failOnStatusCode: false,\n      timeout: 10000\n    });\n  }\n});",
              "err": {},
              "uuid": "c5696049-74dc-4bd7-b710-03942223b72f",
              "parentUUID": "77780cdb-9ae6-4c6d-ba08-385256690d4d",
              "isHook": false,
              "skipped": false
            },
            {
              "title": "Pf Calculation with investment of 5600",
              "fullTitle": "PPF Calculator Pf Calculation with investment of 5600",
              "timedOut": null,
              "duration": 1026,
              "state": "passed",
              "speed": "fast",
              "pass": true,
              "fail": false,
              "pending": false,
              "context": null,
              "code": "const ppfCalculatorPageObj = new _ppfCalculatorPage.default();\nppfCalculatorPageObj.ppfInvestment.type('{selectall}{backspace}');\nppfCalculatorPageObj.ppfInvestment.type('{moveToEnd}');\nppfCalculatorPageObj.ppfInvestment.type('5600');\ncy.xpath(`(//div[normalize-space()='84000'])[1]`).should('have.text', '84000');\ncy.xpath(`(//div[contains(text(),'80216')])[1]`).should('have.text', '80216');\ncy.xpath(`(//div[normalize-space()='164216'])[1]`).should('have.text', '164216');",
              "err": {},
              "uuid": "1a76d099-0c10-45e3-9473-2a8199f1ad68",
              "parentUUID": "77780cdb-9ae6-4c6d-ba08-385256690d4d",
              "isHook": false,
              "skipped": false
            },
            {
              "title": "Pf Calculation with investment of 49000",
              "fullTitle": "PPF Calculator Pf Calculation with investment of 49000",
              "timedOut": null,
              "duration": 2550,
              "state": "passed",
              "speed": "fast",
              "pass": true,
              "fail": false,
              "pending": false,
              "context": null,
              "code": "const ppfCalculatorPageObj = new _ppfCalculatorPage.default();\nppfCalculatorPageObj.ppfInvestment.type('{selectall}{backspace}');\nppfCalculatorPageObj.ppfInvestment.type('{moveToEnd}');\nppfCalculatorPageObj.ppfInvestment.type('49000');\ncy.xpath(`(//div[normalize-space()='735000'])[1]`).should('have.text', '735000');\ncy.xpath(`(//div[contains(text(),'701890')])[1]`).should('have.text', '701890');\ncy.xpath(`(//div[normalize-space()='1436890'])[1]`).should('have.text', '1436890');",
              "err": {},
              "uuid": "05dda474-7b99-4333-bb29-894f1a368fe7",
              "parentUUID": "77780cdb-9ae6-4c6d-ba08-385256690d4d",
              "isHook": false,
              "skipped": false
            }
          ],
          "suites": [],
          "passes": [
            "c5696049-74dc-4bd7-b710-03942223b72f",
            "1a76d099-0c10-45e3-9473-2a8199f1ad68",
            "05dda474-7b99-4333-bb29-894f1a368fe7"
          ],
          "failures": [],
          "pending": [],
          "skipped": [],
          "duration": 11962,
          "root": false,
          "rootEmpty": false,
          "_timeout": 2000
        }
      ],
      "passes": [],
      "failures": [],
      "pending": [],
      "skipped": [],
      "duration": 0,
      "root": true,
      "rootEmpty": true,
      "_timeout": 2000
    }
  ],
  "meta": {
    "mocha": {
      "version": "7.0.1"
    },
    "mochawesome": {
      "options": {
        "quiet": false,
        "reportFilename": "mochawesome",
        "saveHtml": false,
        "saveJson": true,
        "consoleReporter": "spec",
        "useInlineDiffs": false,
        "code": true
      },
      "version": "7.1.3"
    },
    "marge": {
      "options": {
        "overwrite": false,
        "html": false,
        "json": true,
        "reportDir": "cypress/reports/html/.jsons"
      },
      "version": "6.2.0"
    }
  }
}