{
  "stats": {
    "suites": 1,
    "tests": 2,
    "passes": 2,
    "pending": 0,
    "failures": 0,
    "start": "2023-10-16T08:11:26.309Z",
    "end": "2023-10-16T08:11:39.082Z",
    "duration": 12773,
    "testsRegistered": 2,
    "passPercent": 100,
    "pendingPercent": 0,
    "other": 0,
    "hasOther": false,
    "skipped": 0,
    "hasSkipped": false
  },
  "results": [
    {
      "uuid": "ae506692-7dc8-4938-bf74-5f216df1cc5b",
      "title": "",
      "fullFile": "cypress/e2e/allCalculator/GovermentSchemeCalculators/nscCalculator.cy.js",
      "file": "cypress/e2e/allCalculator/GovermentSchemeCalculators/nscCalculator.cy.js",
      "beforeHooks": [],
      "afterHooks": [],
      "tests": [],
      "suites": [
        {
          "uuid": "e033c4e7-7710-468f-a76b-81b683e4c77d",
          "title": "NSC calculator",
          "fullFile": "",
          "file": "",
          "beforeHooks": [],
          "afterHooks": [],
          "tests": [
            {
              "title": "Check all the links of the page",
              "fullTitle": "NSC calculator Check all the links of the page",
              "timedOut": null,
              "duration": 10354,
              "state": "passed",
              "speed": "slow",
              "pass": true,
              "fail": false,
              "pending": false,
              "context": null,
              "code": "cy.get('a').each(link => {\n  if (link.prop('href')) {\n    cy.request({\n      url: link.prop('href'),\n      failOnStatusCode: false,\n      timeout: 10000\n    });\n  }\n});",
              "err": {},
              "uuid": "028b67e8-ae7e-469f-baba-f2a5ace641c2",
              "parentUUID": "e033c4e7-7710-468f-a76b-81b683e4c77d",
              "isHook": false,
              "skipped": false
            },
            {
              "title": "Calculate the Nsc for 10 years",
              "fullTitle": "NSC calculator Calculate the Nsc for 10 years",
              "timedOut": null,
              "duration": 1363,
              "state": "passed",
              "speed": "fast",
              "pass": true,
              "fail": false,
              "pending": false,
              "context": null,
              "code": "const nscCalculatorPageObj = new _nscCalculatorPage.default();\nnscCalculatorPageObj.nscInvestment.type('{selectall}{backspace}');\nnscCalculatorPageObj.nscInvestment.type('{moveToEnd}');\nnscCalculatorPageObj.nscInvestment.type('67800');\nnscCalculatorPageObj.nscTimePeriodYear.click();\nnscCalculatorPageObj.nscTimePeriodYear10.click();\ncy.xpath(`(//div[normalize-space()='67800'])[1]`).as('totalInvestmentAmount').should('have.text', '67800');\ncy.xpath(`(//div[contains(text(),'78575')])[1]`).as('totalEstimatedReturn').should('have.text', '78575');\ncy.xpath(`(//div[normalize-space()='146375'])[1]`).as('totalReturnAmount').should('have.text', '146375');",
              "err": {},
              "uuid": "c4e25e88-bc57-4fdc-be68-8906bb1433f6",
              "parentUUID": "e033c4e7-7710-468f-a76b-81b683e4c77d",
              "isHook": false,
              "skipped": false
            }
          ],
          "suites": [],
          "passes": [
            "028b67e8-ae7e-469f-baba-f2a5ace641c2",
            "c4e25e88-bc57-4fdc-be68-8906bb1433f6"
          ],
          "failures": [],
          "pending": [],
          "skipped": [],
          "duration": 11717,
          "root": false,
          "rootEmpty": false,
          "_timeout": 2000
        }
      ],
      "passes": [],
      "failures": [],
      "pending": [],
      "skipped": [],
      "duration": 0,
      "root": true,
      "rootEmpty": true,
      "_timeout": 2000
    }
  ],
  "meta": {
    "mocha": {
      "version": "7.0.1"
    },
    "mochawesome": {
      "options": {
        "quiet": false,
        "reportFilename": "mochawesome",
        "saveHtml": false,
        "saveJson": true,
        "consoleReporter": "spec",
        "useInlineDiffs": false,
        "code": true
      },
      "version": "7.1.3"
    },
    "marge": {
      "options": {
        "overwrite": false,
        "html": false,
        "json": true,
        "reportDir": "cypress/reports/html/.jsons"
      },
      "version": "6.2.0"
    }
  }
}