{
  "stats": {
    "suites": 1,
    "tests": 2,
    "passes": 2,
    "pending": 0,
    "failures": 0,
    "start": "2023-10-16T08:00:00.716Z",
    "end": "2023-10-16T08:00:38.142Z",
    "duration": 37426,
    "testsRegistered": 2,
    "passPercent": 100,
    "pendingPercent": 0,
    "other": 0,
    "hasOther": false,
    "skipped": 0,
    "hasSkipped": false
  },
  "results": [
    {
      "uuid": "ea05fcf1-e3ca-4711-8b16-20ee6e134890",
      "title": "",
      "fullFile": "cypress/e2e/forEnterprises.cy.js",
      "file": "cypress/e2e/forEnterprises.cy.js",
      "beforeHooks": [],
      "afterHooks": [],
      "tests": [],
      "suites": [
        {
          "uuid": "6ea48ca2-aa04-4503-a370-b13a6d1b3f1d",
          "title": "For Enterprise Page",
          "fullFile": "",
          "file": "",
          "beforeHooks": [],
          "afterHooks": [],
          "tests": [
            {
              "title": "The all links should work properly",
              "fullTitle": "For Enterprise Page The all links should work properly",
              "timedOut": null,
              "duration": 15816,
              "state": "passed",
              "speed": "slow",
              "pass": true,
              "fail": false,
              "pending": false,
              "context": null,
              "code": "cy.get('a').each(link => {\n  if (link.prop('href')) {\n    cy.request({\n      url: link.prop('href'),\n      failOnStatusCode: false,\n      timeout: 10000\n    });\n    cy.log(link.prop('href'));\n  }\n});",
              "err": {},
              "uuid": "aacb34af-e03b-4bac-a668-621974221259",
              "parentUUID": "6ea48ca2-aa04-4503-a370-b13a6d1b3f1d",
              "isHook": false,
              "skipped": false
            },
            {
              "title": "Css and the Buttons validation of the Page",
              "fullTitle": "For Enterprise Page Css and the Buttons validation of the Page",
              "timedOut": null,
              "duration": 20516,
              "state": "passed",
              "speed": "slow",
              "pass": true,
              "fail": false,
              "pending": false,
              "context": null,
              "code": "const forEnterPrisesPageObj = new _forEnterPrisesPage.default();\nforEnterPrisesPageObj.startFreeTrailButton.invoke('removeAttr', 'target').click();\ncy.url().should('eq', 'https://www.vetan.moolfinance.com/register/newOrganization');\ncy.go('back');\nforEnterPrisesPageObj.bookAFreeDemoButton1.invoke('removeAttr', 'target').click();\ncy.url().should('eq', 'https://www.moolfinance.com/contactUs');\ncy.go('back');\nforEnterPrisesPageObj.personaLizationImage1.should('be.visible');\nforEnterPrisesPageObj.clientsAndAssociatesImg.should('be.visible');\nforEnterPrisesPageObj.forEmployeeImg.should('be.visible');\nforEnterPrisesPageObj.forEmployerImg.should('be.visible');\n// forEnterPrisesPageObj.vetanByMoolImg.should('be.visible')\nforEnterPrisesPageObj.paragPranapteSpeak.should('be.visible');\nforEnterPrisesPageObj.getStartedButton.invoke('removeAttr', 'target').click();\ncy.url().should('eq', 'https://www.vetan.moolfinance.com/login');\ncy.wait(5000);\ncy.go('back');\ncy.go('back');\nforEnterPrisesPageObj.easyIntegrateImg.should('be.visible');\nforEnterPrisesPageObj.startfreeTrailForStartUpsbutton.invoke('removeAttr', 'target').click();\ncy.url().should('eq', 'https://www.vetan.moolfinance.com/register/newOrganization');\ncy.go('back');\nforEnterPrisesPageObj.startFreeTrailForSMEsButton.invoke('removeAttr', 'target').click();\ncy.url().should('eq', 'https://www.vetan.moolfinance.com/register/newOrganization');\ncy.go('back');\nforEnterPrisesPageObj.contactUsButtonForEnterprise.invoke('removeAttr', 'target').click();\ncy.url().should('eq', 'https://www.moolfinance.com/contactUs');\ncy.go('back');\nforEnterPrisesPageObj.bookAFreeDemoButton2.invoke('removeAttr', 'target').click();\ncy.url().should('eq', 'https://www.moolfinance.com/contactUs');\ncy.go('back');\nforEnterPrisesPageObj.faq1.click();\nforEnterPrisesPageObj.faq1Content.should('be.visible');\nforEnterPrisesPageObj.faq2.click();\ncy.xpath(`(//div[@class='MuiCollapse-root MuiCollapse-vertical MuiCollapse-entered css-c4sutr'])[1]`).should('be.visible');",
              "err": {},
              "uuid": "18a0ccf7-6003-4ad1-8c55-6b68ab78f571",
              "parentUUID": "6ea48ca2-aa04-4503-a370-b13a6d1b3f1d",
              "isHook": false,
              "skipped": false
            }
          ],
          "suites": [],
          "passes": [
            "aacb34af-e03b-4bac-a668-621974221259",
            "18a0ccf7-6003-4ad1-8c55-6b68ab78f571"
          ],
          "failures": [],
          "pending": [],
          "skipped": [],
          "duration": 36332,
          "root": false,
          "rootEmpty": false,
          "_timeout": 2000
        }
      ],
      "passes": [],
      "failures": [],
      "pending": [],
      "skipped": [],
      "duration": 0,
      "root": true,
      "rootEmpty": true,
      "_timeout": 2000
    }
  ],
  "meta": {
    "mocha": {
      "version": "7.0.1"
    },
    "mochawesome": {
      "options": {
        "quiet": false,
        "reportFilename": "mochawesome",
        "saveHtml": false,
        "saveJson": true,
        "consoleReporter": "spec",
        "useInlineDiffs": false,
        "code": true
      },
      "version": "7.1.3"
    },
    "marge": {
      "options": {
        "overwrite": false,
        "html": false,
        "json": true,
        "reportDir": "cypress/reports/html/.jsons"
      },
      "version": "6.2.0"
    }
  }
}