{
  "stats": {
    "suites": 1,
    "tests": 2,
    "passes": 2,
    "pending": 0,
    "failures": 0,
    "start": "2023-10-16T08:04:40.635Z",
    "end": "2023-10-16T08:04:54.579Z",
    "duration": 13944,
    "testsRegistered": 2,
    "passPercent": 100,
    "pendingPercent": 0,
    "other": 0,
    "hasOther": false,
    "skipped": 0,
    "hasSkipped": false
  },
  "results": [
    {
      "uuid": "fcabee1c-4eda-4552-ae42-78b865dc4e5d",
      "title": "",
      "fullFile": "cypress/e2e/allCalculator/LongTermVewCalclulators/taxOnGratuityCalculator.cy.js",
      "file": "cypress/e2e/allCalculator/LongTermVewCalclulators/taxOnGratuityCalculator.cy.js",
      "beforeHooks": [],
      "afterHooks": [],
      "tests": [],
      "suites": [
        {
          "uuid": "5ec26912-4dcf-4f50-9c08-0c7be0d6562c",
          "title": "Tax On Gratuity Calculatir",
          "fullFile": "",
          "file": "",
          "beforeHooks": [],
          "afterHooks": [],
          "tests": [
            {
              "title": "Check all the links of the page",
              "fullTitle": "Tax On Gratuity Calculatir Check all the links of the page",
              "timedOut": null,
              "duration": 9420,
              "state": "passed",
              "speed": "medium",
              "pass": true,
              "fail": false,
              "pending": false,
              "context": null,
              "code": "cy.get('a').each(link => {\n  if (link.prop('href')) {\n    cy.request({\n      url: link.prop('href'),\n      failOnStatusCode: false,\n      timeout: 10000\n    });\n  }\n});",
              "err": {},
              "uuid": "e8380d02-13c5-4974-937d-2ad5ff45854b",
              "parentUUID": "5ec26912-4dcf-4f50-9c08-0c7be0d6562c",
              "isHook": false,
              "skipped": false
            },
            {
              "title": "Calculation of Tax on Gratity with 7 years tenure",
              "fullTitle": "Tax On Gratuity Calculatir Calculation of Tax on Gratity with 7 years tenure",
              "timedOut": null,
              "duration": 3485,
              "state": "passed",
              "speed": "fast",
              "pass": true,
              "fail": false,
              "pending": false,
              "context": null,
              "code": "const taxOnGratuityCalculatorPageObj = new _taxOnGratuityCalculatorPage.default();\ntaxOnGratuityCalculatorPageObj.lastDrawnbasic.type('{selectall}{backspace}');\ntaxOnGratuityCalculatorPageObj.lastDrawnbasic.type('{moveToEnd}');\ntaxOnGratuityCalculatorPageObj.lastDrawnbasic.type('67000');\ntaxOnGratuityCalculatorPageObj.lastDrawnDA.type('{selectall}{backspace}');\ntaxOnGratuityCalculatorPageObj.lastDrawnDA.type('{moveToEnd}');\ntaxOnGratuityCalculatorPageObj.lastDrawnDA.type('22000');\ntaxOnGratuityCalculatorPageObj.tenureOfService.type('{selectall}{backspace}');\ntaxOnGratuityCalculatorPageObj.tenureOfService.type('{moveToEnd}');\ntaxOnGratuityCalculatorPageObj.tenureOfService.type('7');\ntaxOnGratuityCalculatorPageObj.gratuityReceivedFromEmployer.type('{selectall}{backspace}');\ntaxOnGratuityCalculatorPageObj.gratuityReceivedFromEmployer.type('{moveToEnd}');\ntaxOnGratuityCalculatorPageObj.gratuityReceivedFromEmployer.type('359423');\ncy.xpath(`(//div[contains(text(),'292577')])[1]`).as('EligibleGratuity').should('have.text', '292577');\ncy.xpath(`(//div[contains(text(),'66846')])[1]`).as('TaxableAmount').should('have.text', '66846');\ncy.xpath(`(//div[contains(text(),'292577')])[2]`).as('ExemptedAmount').should('have.text', '292577');",
              "err": {},
              "uuid": "c456b5c2-b4d1-4849-87dc-5f0af30059b7",
              "parentUUID": "5ec26912-4dcf-4f50-9c08-0c7be0d6562c",
              "isHook": false,
              "skipped": false
            }
          ],
          "suites": [],
          "passes": [
            "e8380d02-13c5-4974-937d-2ad5ff45854b",
            "c456b5c2-b4d1-4849-87dc-5f0af30059b7"
          ],
          "failures": [],
          "pending": [],
          "skipped": [],
          "duration": 12905,
          "root": false,
          "rootEmpty": false,
          "_timeout": 2000
        }
      ],
      "passes": [],
      "failures": [],
      "pending": [],
      "skipped": [],
      "duration": 0,
      "root": true,
      "rootEmpty": true,
      "_timeout": 2000
    }
  ],
  "meta": {
    "mocha": {
      "version": "7.0.1"
    },
    "mochawesome": {
      "options": {
        "quiet": false,
        "reportFilename": "mochawesome",
        "saveHtml": false,
        "saveJson": true,
        "consoleReporter": "spec",
        "useInlineDiffs": false,
        "code": true
      },
      "version": "7.1.3"
    },
    "marge": {
      "options": {
        "overwrite": false,
        "html": false,
        "json": true,
        "reportDir": "cypress/reports/html/.jsons"
      },
      "version": "6.2.0"
    }
  }
}