{
  "stats": {
    "suites": 1,
    "tests": 2,
    "passes": 2,
    "pending": 0,
    "failures": 0,
    "start": "2023-10-16T08:04:55.554Z",
    "end": "2023-10-16T08:05:07.825Z",
    "duration": 12271,
    "testsRegistered": 2,
    "passPercent": 100,
    "pendingPercent": 0,
    "other": 0,
    "hasOther": false,
    "skipped": 0,
    "hasSkipped": false
  },
  "results": [
    {
      "uuid": "5ffba75f-6ffa-4c5e-992c-2166126359cd",
      "title": "",
      "fullFile": "cypress/e2e/allCalculator/LoanCalculators/carLoanEmiCaluclator.cy.js",
      "file": "cypress/e2e/allCalculator/LoanCalculators/carLoanEmiCaluclator.cy.js",
      "beforeHooks": [],
      "afterHooks": [],
      "tests": [],
      "suites": [
        {
          "uuid": "8405f1f1-43cf-48da-b82b-1815411081b1",
          "title": "Car Loan Emi Calculator",
          "fullFile": "",
          "file": "",
          "beforeHooks": [],
          "afterHooks": [],
          "tests": [
            {
              "title": "Check all the links of the page",
              "fullTitle": "Car Loan Emi Calculator Check all the links of the page",
              "timedOut": null,
              "duration": 9316,
              "state": "passed",
              "speed": "medium",
              "pass": true,
              "fail": false,
              "pending": false,
              "context": null,
              "code": "cy.get('a').each(link => {\n  if (link.prop('href')) {\n    cy.request({\n      url: link.prop('href'),\n      failOnStatusCode: false,\n      timeout: 10000\n    });\n  }\n});",
              "err": {},
              "uuid": "0296aae7-cd45-4a19-bfcc-ee8f895e02df",
              "parentUUID": "8405f1f1-43cf-48da-b82b-1815411081b1",
              "isHook": false,
              "skipped": false
            },
            {
              "title": "Calculate the Car Loan Emi",
              "fullTitle": "Car Loan Emi Calculator Calculate the Car Loan Emi",
              "timedOut": null,
              "duration": 1922,
              "state": "passed",
              "speed": "fast",
              "pass": true,
              "fail": false,
              "pending": false,
              "context": null,
              "code": "const carLoanoanEmiCalculatorPageObj = new _carLoanEmiCalculatorPAge.default();\ncarLoanoanEmiCalculatorPageObj.loanAmount.type('{selectall}{backspace}');\ncarLoanoanEmiCalculatorPageObj.loanAmount.type('{moveToEnd}');\ncarLoanoanEmiCalculatorPageObj.loanAmount.type('860000');\ncarLoanoanEmiCalculatorPageObj.loanInterestRate.type('{selectall}{backspace}');\ncarLoanoanEmiCalculatorPageObj.loanInterestRate.type('{moveToEnd}');\ncarLoanoanEmiCalculatorPageObj.loanInterestRate.type('8.6');\ncarLoanoanEmiCalculatorPageObj.loanTenure.type('{selectall}{backspace}');\ncarLoanoanEmiCalculatorPageObj.loanTenure.type('{moveToEnd}');\ncarLoanoanEmiCalculatorPageObj.loanTenure.type('84');\ncy.xpath(`(//div[normalize-space()='13663'])[1]`).as('MonthlyEmi').should('have.text', '13663');\ncy.xpath(`(//div[normalize-space()='860000'])[1]`).as('PrincipleAmount').should('have.text', '860000');\ncy.xpath(`(//div[normalize-space()='1147664'])[1]`).as('TotalAmount').should('have.text', '1147664');",
              "err": {},
              "uuid": "8f4713df-ea79-4cd9-bdd6-af366a7f595f",
              "parentUUID": "8405f1f1-43cf-48da-b82b-1815411081b1",
              "isHook": false,
              "skipped": false
            }
          ],
          "suites": [],
          "passes": [
            "0296aae7-cd45-4a19-bfcc-ee8f895e02df",
            "8f4713df-ea79-4cd9-bdd6-af366a7f595f"
          ],
          "failures": [],
          "pending": [],
          "skipped": [],
          "duration": 11238,
          "root": false,
          "rootEmpty": false,
          "_timeout": 2000
        }
      ],
      "passes": [],
      "failures": [],
      "pending": [],
      "skipped": [],
      "duration": 0,
      "root": true,
      "rootEmpty": true,
      "_timeout": 2000
    }
  ],
  "meta": {
    "mocha": {
      "version": "7.0.1"
    },
    "mochawesome": {
      "options": {
        "quiet": false,
        "reportFilename": "mochawesome",
        "saveHtml": false,
        "saveJson": true,
        "consoleReporter": "spec",
        "useInlineDiffs": false,
        "code": true
      },
      "version": "7.1.3"
    },
    "marge": {
      "options": {
        "overwrite": false,
        "html": false,
        "json": true,
        "reportDir": "cypress/reports/html/.jsons"
      },
      "version": "6.2.0"
    }
  }
}