{
  "stats": {
    "suites": 1,
    "tests": 2,
    "passes": 2,
    "pending": 0,
    "failures": 0,
    "start": "2023-10-16T08:12:27.203Z",
    "end": "2023-10-16T08:12:40.368Z",
    "duration": 13165,
    "testsRegistered": 2,
    "passPercent": 100,
    "pendingPercent": 0,
    "other": 0,
    "hasOther": false,
    "skipped": 0,
    "hasSkipped": false
  },
  "results": [
    {
      "uuid": "b66340ff-fbe5-481a-aed6-20a13119c9db",
      "title": "",
      "fullFile": "cypress/e2e/allCalculator/InvestmentCalculators/rdCalculator.cy.js",
      "file": "cypress/e2e/allCalculator/InvestmentCalculators/rdCalculator.cy.js",
      "beforeHooks": [],
      "afterHooks": [],
      "tests": [],
      "suites": [
        {
          "uuid": "0d16d508-cee1-4424-ba79-e80b67cea493",
          "title": "RD Calculator",
          "fullFile": "",
          "file": "",
          "beforeHooks": [],
          "afterHooks": [],
          "tests": [
            {
              "title": "Check all links on the Page",
              "fullTitle": "RD Calculator Check all links on the Page",
              "timedOut": null,
              "duration": 9025,
              "state": "passed",
              "speed": "medium",
              "pass": true,
              "fail": false,
              "pending": false,
              "context": null,
              "code": "cy.get('a').each(link => {\n  if (link.prop('href')) {\n    cy.request({\n      url: link.prop('href'),\n      failOnStatusCode: false,\n      timeout: 10000\n    });\n  }\n});",
              "err": {},
              "uuid": "c547436c-9f38-4ef8-b1c4-569122b4a25e",
              "parentUUID": "0d16d508-cee1-4424-ba79-e80b67cea493",
              "isHook": false,
              "skipped": false
            },
            {
              "title": "Calcuaation of RD Calculator",
              "fullTitle": "RD Calculator Calcuaation of RD Calculator",
              "timedOut": null,
              "duration": 3081,
              "state": "passed",
              "speed": "fast",
              "pass": true,
              "fail": false,
              "pending": false,
              "context": null,
              "code": "const rdCalculatorPageObj = new _rdCalculatorPage.default();\nrdCalculatorPageObj.investmentAmount.type('{selectall}{backspace}');\nrdCalculatorPageObj.investmentAmount.type('{moveToEnd}');\nrdCalculatorPageObj.investmentAmount.type('10000');\nrdCalculatorPageObj.roi.type('{selectall}{backspace}');\nrdCalculatorPageObj.roi.type('{moveToEnd}');\nrdCalculatorPageObj.roi.type('11.34');\nrdCalculatorPageObj.timePeriodYears.type('{selectall}{backspace}');\nrdCalculatorPageObj.timePeriodYears.type('{moveToEnd}');\nrdCalculatorPageObj.timePeriodYears.type('9');\ncy.xpath(`(//div[normalize-space()='1080000'])[1]`).should('have.text', '1080000');\ncy.xpath(`(//div[contains(text(),'801736')])[1]`).should('have.text', '801736');\ncy.xpath(`(//div[normalize-space()='1881736'])[1]`).should('have.text', '1881736');",
              "err": {},
              "uuid": "d40dc613-38d8-47ba-9201-a47dd74707f2",
              "parentUUID": "0d16d508-cee1-4424-ba79-e80b67cea493",
              "isHook": false,
              "skipped": false
            }
          ],
          "suites": [],
          "passes": [
            "c547436c-9f38-4ef8-b1c4-569122b4a25e",
            "d40dc613-38d8-47ba-9201-a47dd74707f2"
          ],
          "failures": [],
          "pending": [],
          "skipped": [],
          "duration": 12106,
          "root": false,
          "rootEmpty": false,
          "_timeout": 2000
        }
      ],
      "passes": [],
      "failures": [],
      "pending": [],
      "skipped": [],
      "duration": 0,
      "root": true,
      "rootEmpty": true,
      "_timeout": 2000
    }
  ],
  "meta": {
    "mocha": {
      "version": "7.0.1"
    },
    "mochawesome": {
      "options": {
        "quiet": false,
        "reportFilename": "mochawesome",
        "saveHtml": false,
        "saveJson": true,
        "consoleReporter": "spec",
        "useInlineDiffs": false,
        "code": true
      },
      "version": "7.1.3"
    },
    "marge": {
      "options": {
        "overwrite": false,
        "html": false,
        "json": true,
        "reportDir": "cypress/reports/html/.jsons"
      },
      "version": "6.2.0"
    }
  }
}