{
  "stats": {
    "suites": 1,
    "tests": 2,
    "passes": 2,
    "pending": 0,
    "failures": 0,
    "start": "2023-10-16T08:03:29.103Z",
    "end": "2023-10-16T08:03:43.656Z",
    "duration": 14553,
    "testsRegistered": 2,
    "passPercent": 100,
    "pendingPercent": 0,
    "other": 0,
    "hasOther": false,
    "skipped": 0,
    "hasSkipped": false
  },
  "results": [
    {
      "uuid": "d01fd37c-ee4a-4f56-87bf-a0786a5d19c6",
      "title": "",
      "fullFile": "cypress/e2e/allCalculator/InvestmentCalculators/lumpSumCalculator.cy.js",
      "file": "cypress/e2e/allCalculator/InvestmentCalculators/lumpSumCalculator.cy.js",
      "beforeHooks": [],
      "afterHooks": [],
      "tests": [],
      "suites": [
        {
          "uuid": "51148774-becd-4ceb-955d-0e8c4bfb5d98",
          "title": "Lumpsum Calculator page",
          "fullFile": "",
          "file": "",
          "beforeHooks": [],
          "afterHooks": [],
          "tests": [
            {
              "title": "check all links of the page",
              "fullTitle": "Lumpsum Calculator page check all links of the page",
              "timedOut": null,
              "duration": 10400,
              "state": "passed",
              "speed": "slow",
              "pass": true,
              "fail": false,
              "pending": false,
              "context": null,
              "code": "cy.get('a').each(link => {\n  if (link.prop('href')) {\n    cy.request({\n      url: link.prop('href'),\n      failOnStatusCode: false,\n      timeOut: 10000\n    });\n    // cy.log(link.prop('href'))\n  }\n});",
              "err": {},
              "uuid": "d7fa8108-aaa9-42f6-96b4-80cf38605cd4",
              "parentUUID": "51148774-becd-4ceb-955d-0e8c4bfb5d98",
              "isHook": false,
              "skipped": false
            },
            {
              "title": "calculation with constant values",
              "fullTitle": "Lumpsum Calculator page calculation with constant values",
              "timedOut": null,
              "duration": 3109,
              "state": "passed",
              "speed": "fast",
              "pass": true,
              "fail": false,
              "pending": false,
              "context": null,
              "code": "const lumpsumCalculatorPageObj = new _lumpsumCalculatorPage.default();\nlumpsumCalculatorPageObj.investmentAmount.click();\nlumpsumCalculatorPageObj.investmentAmount.type('{selectall}{backspace}');\nlumpsumCalculatorPageObj.investmentAmount.type('{moveToEnd}');\nlumpsumCalculatorPageObj.investmentAmount.type('200000');\nlumpsumCalculatorPageObj.roi.type('{selectall}{backspace}');\nlumpsumCalculatorPageObj.roi.type('{moveToEnd}');\nlumpsumCalculatorPageObj.roi.type('9.7');\nlumpsumCalculatorPageObj.timePeriodYears.type('{selectall}{backspace}');\nlumpsumCalculatorPageObj.timePeriodYears.type('{moveToEnd}');\nlumpsumCalculatorPageObj.timePeriodYears.type('8');\ncy.xpath(`(//div[normalize-space()='200000'])[1]`).should('have.text', '200000');\ncy.xpath(`(//div[contains(text(),'219453')])[1]`).should('have.text', '219453');\ncy.xpath(`(//div[normalize-space()='419453'])[1]`).should('have.text', '419453');",
              "err": {},
              "uuid": "921a4c27-1dbb-4a45-b12d-974638ee7259",
              "parentUUID": "51148774-becd-4ceb-955d-0e8c4bfb5d98",
              "isHook": false,
              "skipped": false
            }
          ],
          "suites": [],
          "passes": [
            "d7fa8108-aaa9-42f6-96b4-80cf38605cd4",
            "921a4c27-1dbb-4a45-b12d-974638ee7259"
          ],
          "failures": [],
          "pending": [],
          "skipped": [],
          "duration": 13509,
          "root": false,
          "rootEmpty": false,
          "_timeout": 2000
        }
      ],
      "passes": [],
      "failures": [],
      "pending": [],
      "skipped": [],
      "duration": 0,
      "root": true,
      "rootEmpty": true,
      "_timeout": 2000
    }
  ],
  "meta": {
    "mocha": {
      "version": "7.0.1"
    },
    "mochawesome": {
      "options": {
        "quiet": false,
        "reportFilename": "mochawesome",
        "saveHtml": false,
        "saveJson": true,
        "consoleReporter": "spec",
        "useInlineDiffs": false,
        "code": true
      },
      "version": "7.1.3"
    },
    "marge": {
      "options": {
        "overwrite": false,
        "html": false,
        "json": true,
        "reportDir": "cypress/reports/html/.jsons"
      },
      "version": "6.2.0"
    }
  }
}