{
  "stats": {
    "suites": 1,
    "tests": 2,
    "passes": 2,
    "pending": 0,
    "failures": 0,
    "start": "2023-10-16T08:13:12.922Z",
    "end": "2023-10-16T08:13:27.754Z",
    "duration": 14832,
    "testsRegistered": 2,
    "passPercent": 100,
    "pendingPercent": 0,
    "other": 0,
    "hasOther": false,
    "skipped": 0,
    "hasSkipped": false
  },
  "results": [
    {
      "uuid": "498e6c6b-dcc9-4d29-878e-6062da6e9f90",
      "title": "",
      "fullFile": "cypress/e2e/allCalculator/LoanCalculators/homeLoanEmiCalculator.cy.js",
      "file": "cypress/e2e/allCalculator/LoanCalculators/homeLoanEmiCalculator.cy.js",
      "beforeHooks": [],
      "afterHooks": [],
      "tests": [],
      "suites": [
        {
          "uuid": "68177cbc-177e-4da2-a6bd-c5faa09e344c",
          "title": "Home Loan Emi Calculator",
          "fullFile": "",
          "file": "",
          "beforeHooks": [],
          "afterHooks": [],
          "tests": [
            {
              "title": "Check all the links of the page",
              "fullTitle": "Home Loan Emi Calculator Check all the links of the page",
              "timedOut": null,
              "duration": 10825,
              "state": "passed",
              "speed": "slow",
              "pass": true,
              "fail": false,
              "pending": false,
              "context": null,
              "code": "cy.get('a').each(link => {\n  if (link.prop('href')) {\n    cy.request({\n      url: link.prop('href'),\n      failOnStatusCode: false,\n      timeout: 10000\n    });\n  }\n});",
              "err": {},
              "uuid": "c1d8f8ec-5bb6-422e-a296-03297304e93f",
              "parentUUID": "68177cbc-177e-4da2-a6bd-c5faa09e344c",
              "isHook": false,
              "skipped": false
            },
            {
              "title": "Calculate the Home Loan Emi",
              "fullTitle": "Home Loan Emi Calculator Calculate the Home Loan Emi",
              "timedOut": null,
              "duration": 2970,
              "state": "passed",
              "speed": "fast",
              "pass": true,
              "fail": false,
              "pending": false,
              "context": null,
              "code": "const homeLoanEmiCalculatorPageObj = new _homeLoanEmiCalculator.default();\nhomeLoanEmiCalculatorPageObj.loanAmount.type('{selectall}{backspace}');\nhomeLoanEmiCalculatorPageObj.loanAmount.type('{moveToEnd}');\nhomeLoanEmiCalculatorPageObj.loanAmount.type('5000000');\nhomeLoanEmiCalculatorPageObj.loanInterestRate.type('{selectall}{backspace}');\nhomeLoanEmiCalculatorPageObj.loanInterestRate.type('{moveToEnd}');\nhomeLoanEmiCalculatorPageObj.loanInterestRate.type('7.33');\nhomeLoanEmiCalculatorPageObj.loanTenure.type('{selectall}{backspace}');\nhomeLoanEmiCalculatorPageObj.loanTenure.type('{moveToEnd}');\nhomeLoanEmiCalculatorPageObj.loanTenure.type('360');\ncy.xpath(`(//div[normalize-space()='34381'])[1]`).as('MonthlyEmi').should('have.text', '34381');\ncy.xpath(`(//div[normalize-space()='5000000'])[1]`).as('PrincipleAmount').should('have.text', '5000000');\ncy.xpath(`(//div[normalize-space()='12376995'])[1]`).as('TotalAmount').should('have.text', '12376995');",
              "err": {},
              "uuid": "16640a16-edd1-490e-a97e-0d6c24ab289a",
              "parentUUID": "68177cbc-177e-4da2-a6bd-c5faa09e344c",
              "isHook": false,
              "skipped": false
            }
          ],
          "suites": [],
          "passes": [
            "c1d8f8ec-5bb6-422e-a296-03297304e93f",
            "16640a16-edd1-490e-a97e-0d6c24ab289a"
          ],
          "failures": [],
          "pending": [],
          "skipped": [],
          "duration": 13795,
          "root": false,
          "rootEmpty": false,
          "_timeout": 2000
        }
      ],
      "passes": [],
      "failures": [],
      "pending": [],
      "skipped": [],
      "duration": 0,
      "root": true,
      "rootEmpty": true,
      "_timeout": 2000
    }
  ],
  "meta": {
    "mocha": {
      "version": "7.0.1"
    },
    "mochawesome": {
      "options": {
        "quiet": false,
        "reportFilename": "mochawesome",
        "saveHtml": false,
        "saveJson": true,
        "consoleReporter": "spec",
        "useInlineDiffs": false,
        "code": true
      },
      "version": "7.1.3"
    },
    "marge": {
      "options": {
        "overwrite": false,
        "html": false,
        "json": true,
        "reportDir": "cypress/reports/html/.jsons"
      },
      "version": "6.2.0"
    }
  }
}