{
  "stats": {
    "suites": 1,
    "tests": 2,
    "passes": 2,
    "pending": 0,
    "failures": 0,
    "start": "2023-10-16T08:02:41.154Z",
    "end": "2023-10-16T08:02:56.035Z",
    "duration": 14881,
    "testsRegistered": 2,
    "passPercent": 100,
    "pendingPercent": 0,
    "other": 0,
    "hasOther": false,
    "skipped": 0,
    "hasSkipped": false
  },
  "results": [
    {
      "uuid": "5b1391da-9368-4b4e-9fb4-2f3bc44824db",
      "title": "",
      "fullFile": "cypress/e2e/allCalculator/GovermentSchemeCalculators/nscCalculator.cy.js",
      "file": "cypress/e2e/allCalculator/GovermentSchemeCalculators/nscCalculator.cy.js",
      "beforeHooks": [],
      "afterHooks": [],
      "tests": [],
      "suites": [
        {
          "uuid": "17828b8e-38f3-4932-b909-d64574e99887",
          "title": "NSC calculator",
          "fullFile": "",
          "file": "",
          "beforeHooks": [],
          "afterHooks": [],
          "tests": [
            {
              "title": "Check all the links of the page",
              "fullTitle": "NSC calculator Check all the links of the page",
              "timedOut": null,
              "duration": 12109,
              "state": "passed",
              "speed": "slow",
              "pass": true,
              "fail": false,
              "pending": false,
              "context": null,
              "code": "cy.get('a').each(link => {\n  if (link.prop('href')) {\n    cy.request({\n      url: link.prop('href'),\n      failOnStatusCode: false,\n      timeout: 10000\n    });\n  }\n});",
              "err": {},
              "uuid": "f0cbe474-2f7a-4ec4-88f1-7081b94b068f",
              "parentUUID": "17828b8e-38f3-4932-b909-d64574e99887",
              "isHook": false,
              "skipped": false
            },
            {
              "title": "Calculate the Nsc for 10 years",
              "fullTitle": "NSC calculator Calculate the Nsc for 10 years",
              "timedOut": null,
              "duration": 1361,
              "state": "passed",
              "speed": "fast",
              "pass": true,
              "fail": false,
              "pending": false,
              "context": null,
              "code": "const nscCalculatorPageObj = new _nscCalculatorPage.default();\nnscCalculatorPageObj.nscInvestment.type('{selectall}{backspace}');\nnscCalculatorPageObj.nscInvestment.type('{moveToEnd}');\nnscCalculatorPageObj.nscInvestment.type('67800');\nnscCalculatorPageObj.nscTimePeriodYear.click();\nnscCalculatorPageObj.nscTimePeriodYear10.click();\ncy.xpath(`(//div[normalize-space()='67800'])[1]`).as('totalInvestmentAmount').should('have.text', '67800');\ncy.xpath(`(//div[contains(text(),'78575')])[1]`).as('totalEstimatedReturn').should('have.text', '78575');\ncy.xpath(`(//div[normalize-space()='146375'])[1]`).as('totalReturnAmount').should('have.text', '146375');",
              "err": {},
              "uuid": "ab80b5b9-29f3-464b-8155-55d5236a8952",
              "parentUUID": "17828b8e-38f3-4932-b909-d64574e99887",
              "isHook": false,
              "skipped": false
            }
          ],
          "suites": [],
          "passes": [
            "f0cbe474-2f7a-4ec4-88f1-7081b94b068f",
            "ab80b5b9-29f3-464b-8155-55d5236a8952"
          ],
          "failures": [],
          "pending": [],
          "skipped": [],
          "duration": 13470,
          "root": false,
          "rootEmpty": false,
          "_timeout": 2000
        }
      ],
      "passes": [],
      "failures": [],
      "pending": [],
      "skipped": [],
      "duration": 0,
      "root": true,
      "rootEmpty": true,
      "_timeout": 2000
    }
  ],
  "meta": {
    "mocha": {
      "version": "7.0.1"
    },
    "mochawesome": {
      "options": {
        "quiet": false,
        "reportFilename": "mochawesome",
        "saveHtml": false,
        "saveJson": true,
        "consoleReporter": "spec",
        "useInlineDiffs": false,
        "code": true
      },
      "version": "7.1.3"
    },
    "marge": {
      "options": {
        "overwrite": false,
        "html": false,
        "json": true,
        "reportDir": "cypress/reports/html/.jsons"
      },
      "version": "6.2.0"
    }
  }
}