{
  "stats": {
    "suites": 1,
    "tests": 2,
    "passes": 2,
    "pending": 0,
    "failures": 0,
    "start": "2023-10-16T08:03:59.472Z",
    "end": "2023-10-16T08:04:15.409Z",
    "duration": 15937,
    "testsRegistered": 2,
    "passPercent": 100,
    "pendingPercent": 0,
    "other": 0,
    "hasOther": false,
    "skipped": 0,
    "hasSkipped": false
  },
  "results": [
    {
      "uuid": "0062c006-0f25-4294-b094-b0e30ab2400c",
      "title": "",
      "fullFile": "cypress/e2e/allCalculator/InvestmentCalculators/sipCalculator.cy.js",
      "file": "cypress/e2e/allCalculator/InvestmentCalculators/sipCalculator.cy.js",
      "beforeHooks": [],
      "afterHooks": [],
      "tests": [],
      "suites": [
        {
          "uuid": "297e452a-0375-47da-ae0e-405f0c6c6942",
          "title": "SIP Calculator",
          "fullFile": "",
          "file": "",
          "beforeHooks": [],
          "afterHooks": [],
          "tests": [
            {
              "title": "check all links of the page",
              "fullTitle": "SIP Calculator check all links of the page",
              "timedOut": null,
              "duration": 9875,
              "state": "passed",
              "speed": "medium",
              "pass": true,
              "fail": false,
              "pending": false,
              "context": null,
              "code": "cy.get('a').each(link => {\n  if (link.prop('href')) {\n    cy.request({\n      url: link.prop('href'),\n      failOnStatusCode: false,\n      timeOut: 10000\n    });\n    cy.log(link.prop('href'));\n  }\n});",
              "err": {},
              "uuid": "b09ad4d1-d6db-4991-bfe6-02258dafa85e",
              "parentUUID": "297e452a-0375-47da-ae0e-405f0c6c6942",
              "isHook": false,
              "skipped": false
            },
            {
              "title": "Calculatte SIP with 3 years and 10% ROI",
              "fullTitle": "SIP Calculator Calculatte SIP with 3 years and 10% ROI",
              "timedOut": null,
              "duration": 4981,
              "state": "passed",
              "speed": "fast",
              "pass": true,
              "fail": false,
              "pending": false,
              "context": null,
              "code": "const sipCalculatorPageObj = new _sipCalculatorPage.default();\nsipCalculatorPageObj.sipinvestment.click();\nsipCalculatorPageObj.sipinvestment.type('{selectall}{backspace}');\ncy.wait(2000);\nsipCalculatorPageObj.sipinvestment.type('10000');\nsipCalculatorPageObj.roi.type('{selectall}{backspace}');\nsipCalculatorPageObj.roi.type('{moveToEnd}');\nsipCalculatorPageObj.roi.type('22');\nsipCalculatorPageObj.timePeriodYears.type('{selectall}{backspace}');\nsipCalculatorPageObj.timePeriodYears.type('{moveToEnd}');\nsipCalculatorPageObj.timePeriodYears.type('3');\ncy.xpath(`(//div[normalize-space()='3600000'])[1]`).should('have.text', '3600000');\ncy.xpath(`(//div[contains(text(),'1528303')])[1]`).should('have.text', '1528303');\ncy.xpath(`(//div[normalize-space()='5128303'])[1]`).should('have.text', '5128303');",
              "err": {},
              "uuid": "618d95e8-dca5-46aa-b805-dd19f02c5406",
              "parentUUID": "297e452a-0375-47da-ae0e-405f0c6c6942",
              "isHook": false,
              "skipped": false
            }
          ],
          "suites": [],
          "passes": [
            "b09ad4d1-d6db-4991-bfe6-02258dafa85e",
            "618d95e8-dca5-46aa-b805-dd19f02c5406"
          ],
          "failures": [],
          "pending": [],
          "skipped": [],
          "duration": 14856,
          "root": false,
          "rootEmpty": false,
          "_timeout": 2000
        }
      ],
      "passes": [],
      "failures": [],
      "pending": [],
      "skipped": [],
      "duration": 0,
      "root": true,
      "rootEmpty": true,
      "_timeout": 2000
    }
  ],
  "meta": {
    "mocha": {
      "version": "7.0.1"
    },
    "mochawesome": {
      "options": {
        "quiet": false,
        "reportFilename": "mochawesome",
        "saveHtml": false,
        "saveJson": true,
        "consoleReporter": "spec",
        "useInlineDiffs": false,
        "code": true
      },
      "version": "7.1.3"
    },
    "marge": {
      "options": {
        "overwrite": false,
        "html": false,
        "json": true,
        "reportDir": "cypress/reports/html/.jsons"
      },
      "version": "6.2.0"
    }
  }
}