{
  "stats": {
    "suites": 1,
    "tests": 2,
    "passes": 2,
    "pending": 0,
    "failures": 0,
    "start": "2023-10-16T08:12:58.236Z",
    "end": "2023-10-16T08:13:11.946Z",
    "duration": 13710,
    "testsRegistered": 2,
    "passPercent": 100,
    "pendingPercent": 0,
    "other": 0,
    "hasOther": false,
    "skipped": 0,
    "hasSkipped": false
  },
  "results": [
    {
      "uuid": "2c031691-4cf1-4d49-ad4f-839e6023bb40",
      "title": "",
      "fullFile": "cypress/e2e/allCalculator/LoanCalculators/carLoanEmiCaluclator.cy.js",
      "file": "cypress/e2e/allCalculator/LoanCalculators/carLoanEmiCaluclator.cy.js",
      "beforeHooks": [],
      "afterHooks": [],
      "tests": [],
      "suites": [
        {
          "uuid": "d62723f7-5fc9-4392-a8e1-bf351cbe9f0b",
          "title": "Car Loan Emi Calculator",
          "fullFile": "",
          "file": "",
          "beforeHooks": [],
          "afterHooks": [],
          "tests": [
            {
              "title": "Check all the links of the page",
              "fullTitle": "Car Loan Emi Calculator Check all the links of the page",
              "timedOut": null,
              "duration": 9897,
              "state": "passed",
              "speed": "medium",
              "pass": true,
              "fail": false,
              "pending": false,
              "context": null,
              "code": "cy.get('a').each(link => {\n  if (link.prop('href')) {\n    cy.request({\n      url: link.prop('href'),\n      failOnStatusCode: false,\n      timeout: 10000\n    });\n  }\n});",
              "err": {},
              "uuid": "ad5d5be8-63e0-4f04-bc96-29b024876386",
              "parentUUID": "d62723f7-5fc9-4392-a8e1-bf351cbe9f0b",
              "isHook": false,
              "skipped": false
            },
            {
              "title": "Calculate the Car Loan Emi",
              "fullTitle": "Car Loan Emi Calculator Calculate the Car Loan Emi",
              "timedOut": null,
              "duration": 2787,
              "state": "passed",
              "speed": "fast",
              "pass": true,
              "fail": false,
              "pending": false,
              "context": null,
              "code": "const carLoanoanEmiCalculatorPageObj = new _carLoanEmiCalculatorPAge.default();\ncarLoanoanEmiCalculatorPageObj.loanAmount.type('{selectall}{backspace}');\ncarLoanoanEmiCalculatorPageObj.loanAmount.type('{moveToEnd}');\ncarLoanoanEmiCalculatorPageObj.loanAmount.type('860000');\ncarLoanoanEmiCalculatorPageObj.loanInterestRate.type('{selectall}{backspace}');\ncarLoanoanEmiCalculatorPageObj.loanInterestRate.type('{moveToEnd}');\ncarLoanoanEmiCalculatorPageObj.loanInterestRate.type('8.6');\ncarLoanoanEmiCalculatorPageObj.loanTenure.type('{selectall}{backspace}');\ncarLoanoanEmiCalculatorPageObj.loanTenure.type('{moveToEnd}');\ncarLoanoanEmiCalculatorPageObj.loanTenure.type('84');\ncy.xpath(`(//div[normalize-space()='13663'])[1]`).as('MonthlyEmi').should('have.text', '13663');\ncy.xpath(`(//div[normalize-space()='860000'])[1]`).as('PrincipleAmount').should('have.text', '860000');\ncy.xpath(`(//div[normalize-space()='1147664'])[1]`).as('TotalAmount').should('have.text', '1147664');",
              "err": {},
              "uuid": "e416eadd-cc2c-40f8-a034-3284dc05adaf",
              "parentUUID": "d62723f7-5fc9-4392-a8e1-bf351cbe9f0b",
              "isHook": false,
              "skipped": false
            }
          ],
          "suites": [],
          "passes": [
            "ad5d5be8-63e0-4f04-bc96-29b024876386",
            "e416eadd-cc2c-40f8-a034-3284dc05adaf"
          ],
          "failures": [],
          "pending": [],
          "skipped": [],
          "duration": 12684,
          "root": false,
          "rootEmpty": false,
          "_timeout": 2000
        }
      ],
      "passes": [],
      "failures": [],
      "pending": [],
      "skipped": [],
      "duration": 0,
      "root": true,
      "rootEmpty": true,
      "_timeout": 2000
    }
  ],
  "meta": {
    "mocha": {
      "version": "7.0.1"
    },
    "mochawesome": {
      "options": {
        "quiet": false,
        "reportFilename": "mochawesome",
        "saveHtml": false,
        "saveJson": true,
        "consoleReporter": "spec",
        "useInlineDiffs": false,
        "code": true
      },
      "version": "7.1.3"
    },
    "marge": {
      "options": {
        "overwrite": false,
        "html": false,
        "json": true,
        "reportDir": "cypress/reports/html/.jsons"
      },
      "version": "6.2.0"
    }
  }
}