{
  "stats": {
    "suites": 1,
    "tests": 2,
    "passes": 2,
    "pending": 0,
    "failures": 0,
    "start": "2023-10-16T08:01:09.261Z",
    "end": "2023-10-16T08:01:26.829Z",
    "duration": 17568,
    "testsRegistered": 2,
    "passPercent": 100,
    "pendingPercent": 0,
    "other": 0,
    "hasOther": false,
    "skipped": 0,
    "hasSkipped": false
  },
  "results": [
    {
      "uuid": "ead3825d-469f-4585-bdc3-dae20ef8f666",
      "title": "",
      "fullFile": "cypress/e2e/forTaxProfessionals.cy.js",
      "file": "cypress/e2e/forTaxProfessionals.cy.js",
      "beforeHooks": [],
      "afterHooks": [],
      "tests": [],
      "suites": [
        {
          "uuid": "b658bc3c-5ec7-4bcf-a62b-4c01572d1ec3",
          "title": "For Tax Professionals",
          "fullFile": "",
          "file": "",
          "beforeHooks": [],
          "afterHooks": [],
          "tests": [
            {
              "title": "The all links should work properly",
              "fullTitle": "For Tax Professionals The all links should work properly",
              "timedOut": null,
              "duration": 11395,
              "state": "passed",
              "speed": "slow",
              "pass": true,
              "fail": false,
              "pending": false,
              "context": null,
              "code": "cy.get('a').each(link => {\n  if (link.prop('href')) {\n    cy.request({\n      url: link.prop('href'),\n      failOnStatusCode: false,\n      timeout: 10000\n    });\n    cy.log(link.prop('href'));\n  }\n});",
              "err": {},
              "uuid": "e3ffc7a0-1270-4323-92b4-698808f275cb",
              "parentUUID": "b658bc3c-5ec7-4bcf-a62b-4c01572d1ec3",
              "isHook": false,
              "skipped": false
            },
            {
              "title": "Css and the Buttons validation of the Page",
              "fullTitle": "For Tax Professionals Css and the Buttons validation of the Page",
              "timedOut": null,
              "duration": 5145,
              "state": "passed",
              "speed": "medium",
              "pass": true,
              "fail": false,
              "pending": false,
              "context": null,
              "code": "const forTaxProfessionalsPageObj = new _forTaxProfessionalsPage.default();\nforTaxProfessionalsPageObj.lekhakarImg1.should('be.visible');\nforTaxProfessionalsPageObj.startFreeTrailButton.invoke('removeAttr', 'target').click();\ncy.url().should('eq', 'https://www.ca.moolfinance.com/register');\ncy.go('back');\nforTaxProfessionalsPageObj.demoButton.invoke('removeAttr', 'target').click();\ncy.url().should('eq', 'https://www.moolfinance.com/contactUs');\ncy.go('back');\nforTaxProfessionalsPageObj.salaryPersonalizationContent.should('be.visible');\nforTaxProfessionalsPageObj.complianceAutomationButton.click();\nforTaxProfessionalsPageObj.complianceAutomationContent.should('be.visible');\nforTaxProfessionalsPageObj.payoutManagmentButton.click();\nforTaxProfessionalsPageObj.payoutManagmentContent.should('be.visible');\nforTaxProfessionalsPageObj.enquireNowButton.invoke('removeAttr', 'target').click();\ncy.url().should('eq', 'https://www.moolfinance.com/contactUs');\ncy.go('back');\nforTaxProfessionalsPageObj.moolPayrollProcessImg.should('be.visible');\nforTaxProfessionalsPageObj.manualPayrollProcessImg.should('be.visible');\nforTaxProfessionalsPageObj.easyIntegrateImg.should('be.visible');\nforTaxProfessionalsPageObj.faq1Button.click();\nforTaxProfessionalsPageObj.faq1Content.should('be.visible');\nforTaxProfessionalsPageObj.faq2Button.click();\nforTaxProfessionalsPageObj.faq2Content.should('be.visible');",
              "err": {},
              "uuid": "c0b1c8f8-3eb3-473a-92ce-70269461e1b7",
              "parentUUID": "b658bc3c-5ec7-4bcf-a62b-4c01572d1ec3",
              "isHook": false,
              "skipped": false
            }
          ],
          "suites": [],
          "passes": [
            "e3ffc7a0-1270-4323-92b4-698808f275cb",
            "c0b1c8f8-3eb3-473a-92ce-70269461e1b7"
          ],
          "failures": [],
          "pending": [],
          "skipped": [],
          "duration": 16540,
          "root": false,
          "rootEmpty": false,
          "_timeout": 2000
        }
      ],
      "passes": [],
      "failures": [],
      "pending": [],
      "skipped": [],
      "duration": 0,
      "root": true,
      "rootEmpty": true,
      "_timeout": 2000
    }
  ],
  "meta": {
    "mocha": {
      "version": "7.0.1"
    },
    "mochawesome": {
      "options": {
        "quiet": false,
        "reportFilename": "mochawesome",
        "saveHtml": false,
        "saveJson": true,
        "consoleReporter": "spec",
        "useInlineDiffs": false,
        "code": true
      },
      "version": "7.1.3"
    },
    "marge": {
      "options": {
        "overwrite": false,
        "html": false,
        "json": true,
        "reportDir": "cypress/reports/html/.jsons"
      },
      "version": "6.2.0"
    }
  }
}