{
  "stats": {
    "suites": 1,
    "tests": 3,
    "passes": 3,
    "pending": 0,
    "failures": 0,
    "start": "2023-10-16T08:09:26.589Z",
    "end": "2023-10-16T08:09:53.054Z",
    "duration": 26465,
    "testsRegistered": 3,
    "passPercent": 100,
    "pendingPercent": 0,
    "other": 0,
    "hasOther": false,
    "skipped": 0,
    "hasSkipped": false
  },
  "results": [
    {
      "uuid": "74cb183e-c796-486e-a809-5d6b8a552b6d",
      "title": "",
      "fullFile": "cypress/e2e/forIndividualPage.cy.js",
      "file": "cypress/e2e/forIndividualPage.cy.js",
      "beforeHooks": [],
      "afterHooks": [],
      "tests": [],
      "suites": [
        {
          "uuid": "862c734a-b246-44d9-b99f-dfa332b753bc",
          "title": "for individual Page",
          "fullFile": "",
          "file": "",
          "beforeHooks": [],
          "afterHooks": [],
          "tests": [
            {
              "title": "The all links should work properly",
              "fullTitle": "for individual Page The all links should work properly",
              "timedOut": null,
              "duration": 15063,
              "state": "passed",
              "speed": "slow",
              "pass": true,
              "fail": false,
              "pending": false,
              "context": null,
              "code": "cy.get('a').each(link => {\n  if (link.prop('href')) {\n    cy.request({\n      url: link.prop('href'),\n      failOnStatusCode: false,\n      timeout: 10000\n    });\n    cy.log(link.prop('href'));\n  }\n});",
              "err": {},
              "uuid": "bf8c5c1e-d88e-40b5-9473-a7939cf1b6ce",
              "parentUUID": "862c734a-b246-44d9-b99f-dfa332b753bc",
              "isHook": false,
              "skipped": false
            },
            {
              "title": "css of the Page",
              "fullTitle": "for individual Page css of the Page",
              "timedOut": null,
              "duration": 6996,
              "state": "passed",
              "speed": "medium",
              "pass": true,
              "fail": false,
              "pending": false,
              "context": null,
              "code": "const individualPage = new _forIndividualPage.default();\n// individualPage.forIndividual.click({force:true});\ncy.get(`div[class='AppBar_AppBarMiddleMenu__rXXyx'] li:nth-child(1) a:nth-child(1)`).click();\ncy.wait(5000);\nindividualPage.amplifyYourFinanceImg.should('be.visible');\nindividualPage.slideRentreceipt.should('be.visible');\nindividualPage.salaryOptimizationImage.should('be.visible');\nindividualPage.solutionImage.should('be.visible');\nindividualPage.clientSpeakSlide.should('be.visible');\nindividualPage.knowledgeImage.should('be.visible');\nindividualPage.supportSection.should('be.visible');\nindividualPage.newsLetterSection.should('be.visible');\nindividualPage.footerSection.should('be.visible');",
              "err": {},
              "uuid": "d4bc2d65-878e-4430-9f60-acef61f0143d",
              "parentUUID": "862c734a-b246-44d9-b99f-dfa332b753bc",
              "isHook": false,
              "skipped": false
            },
            {
              "title": "Click on the Get Started Button, It should take you to the Jann",
              "fullTitle": "for individual Page Click on the Get Started Button, It should take you to the Jann",
              "timedOut": null,
              "duration": 3258,
              "state": "passed",
              "speed": "fast",
              "pass": true,
              "fail": false,
              "pending": false,
              "context": null,
              "code": "const individualPage = new _forIndividualPage.default();\nindividualPage.getStaredButton.invoke('removeAttr', 'target').click();\ncy.url().should('eq', 'https://www.jann.moolfinance.com/rentReceipt/create');\ncy.go('back');",
              "err": {},
              "uuid": "0c75e50b-aafc-4641-980f-03d0678484d6",
              "parentUUID": "862c734a-b246-44d9-b99f-dfa332b753bc",
              "isHook": false,
              "skipped": false
            }
          ],
          "suites": [],
          "passes": [
            "bf8c5c1e-d88e-40b5-9473-a7939cf1b6ce",
            "d4bc2d65-878e-4430-9f60-acef61f0143d",
            "0c75e50b-aafc-4641-980f-03d0678484d6"
          ],
          "failures": [],
          "pending": [],
          "skipped": [],
          "duration": 25317,
          "root": false,
          "rootEmpty": false,
          "_timeout": 2000
        }
      ],
      "passes": [],
      "failures": [],
      "pending": [],
      "skipped": [],
      "duration": 0,
      "root": true,
      "rootEmpty": true,
      "_timeout": 2000
    }
  ],
  "meta": {
    "mocha": {
      "version": "7.0.1"
    },
    "mochawesome": {
      "options": {
        "quiet": false,
        "reportFilename": "mochawesome",
        "saveHtml": false,
        "saveJson": true,
        "consoleReporter": "spec",
        "useInlineDiffs": false,
        "code": true
      },
      "version": "7.1.3"
    },
    "marge": {
      "options": {
        "overwrite": false,
        "html": false,
        "json": true,
        "reportDir": "cypress/reports/html/.jsons"
      },
      "version": "6.2.0"
    }
  }
}