{
  "stats": {
    "suites": 1,
    "tests": 2,
    "passes": 2,
    "pending": 0,
    "failures": 0,
    "start": "2023-10-16T08:13:43.688Z",
    "end": "2023-10-16T08:13:55.782Z",
    "duration": 12094,
    "testsRegistered": 2,
    "passPercent": 100,
    "pendingPercent": 0,
    "other": 0,
    "hasOther": false,
    "skipped": 0,
    "hasSkipped": false
  },
  "results": [
    {
      "uuid": "64e4f3a9-06b6-4816-bcdd-20f12cc4176f",
      "title": "",
      "fullFile": "cypress/e2e/allCalculator/LongTermVewCalclulators/gratuityCalculator.cy.js",
      "file": "cypress/e2e/allCalculator/LongTermVewCalclulators/gratuityCalculator.cy.js",
      "beforeHooks": [],
      "afterHooks": [],
      "tests": [],
      "suites": [
        {
          "uuid": "0e817a0f-1f37-42b7-af3f-65906d0bcbbe",
          "title": "Gratuity Calculatir",
          "fullFile": "",
          "file": "",
          "beforeHooks": [],
          "afterHooks": [],
          "tests": [
            {
              "title": "Check all the links of the page",
              "fullTitle": "Gratuity Calculatir Check all the links of the page",
              "timedOut": null,
              "duration": 8339,
              "state": "passed",
              "speed": "medium",
              "pass": true,
              "fail": false,
              "pending": false,
              "context": null,
              "code": "cy.get('a').each(link => {\n  if (link.prop('href')) {\n    cy.request({\n      url: link.prop('href'),\n      failOnStatusCode: false,\n      timeout: 10000\n    });\n  }\n});",
              "err": {},
              "uuid": "c737ac68-5319-4048-8408-b872536e300c",
              "parentUUID": "0e817a0f-1f37-42b7-af3f-65906d0bcbbe",
              "isHook": false,
              "skipped": false
            },
            {
              "title": "Calculation of Gratity with 7 years tenure",
              "fullTitle": "Gratuity Calculatir Calculation of Gratity with 7 years tenure",
              "timedOut": null,
              "duration": 2722,
              "state": "passed",
              "speed": "fast",
              "pass": true,
              "fail": false,
              "pending": false,
              "context": null,
              "code": "const gratuityCalculatorPageObj = new _gratuityCalculatorPage.default();\ngratuityCalculatorPageObj.lastDrawnbasic.type('{selectall}{backspace}');\ngratuityCalculatorPageObj.lastDrawnbasic.type('{moveToEnd}');\ngratuityCalculatorPageObj.lastDrawnbasic.type('67000');\ngratuityCalculatorPageObj.lastDrawnDA.type('{selectall}{backspace}');\ngratuityCalculatorPageObj.lastDrawnDA.type('{moveToEnd}');\ngratuityCalculatorPageObj.lastDrawnDA.type('22000');\ngratuityCalculatorPageObj.tenureOfService.type('{selectall}{backspace}');\ngratuityCalculatorPageObj.tenureOfService.type('{moveToEnd}');\ngratuityCalculatorPageObj.tenureOfService.type('7');\ncy.xpath(`(//div[normalize-space()='359423'])[1]`).as('TotalGratuityPayable').should('have.text', '359423');\ncy.xpath(`(//div[normalize-space()='7'])[1]`).as('TenureOfServuce').should('have.text', '7');",
              "err": {},
              "uuid": "c11aa0b3-68ac-49e1-a5f4-0e40d83c8886",
              "parentUUID": "0e817a0f-1f37-42b7-af3f-65906d0bcbbe",
              "isHook": false,
              "skipped": false
            }
          ],
          "suites": [],
          "passes": [
            "c737ac68-5319-4048-8408-b872536e300c",
            "c11aa0b3-68ac-49e1-a5f4-0e40d83c8886"
          ],
          "failures": [],
          "pending": [],
          "skipped": [],
          "duration": 11061,
          "root": false,
          "rootEmpty": false,
          "_timeout": 2000
        }
      ],
      "passes": [],
      "failures": [],
      "pending": [],
      "skipped": [],
      "duration": 0,
      "root": true,
      "rootEmpty": true,
      "_timeout": 2000
    }
  ],
  "meta": {
    "mocha": {
      "version": "7.0.1"
    },
    "mochawesome": {
      "options": {
        "quiet": false,
        "reportFilename": "mochawesome",
        "saveHtml": false,
        "saveJson": true,
        "consoleReporter": "spec",
        "useInlineDiffs": false,
        "code": true
      },
      "version": "7.1.3"
    },
    "marge": {
      "options": {
        "overwrite": false,
        "html": false,
        "json": true,
        "reportDir": "cypress/reports/html/.jsons"
      },
      "version": "6.2.0"
    }
  }
}