{
  "stats": {
    "suites": 1,
    "tests": 2,
    "passes": 2,
    "pending": 0,
    "failures": 0,
    "start": "2023-10-16T08:12:13.529Z",
    "end": "2023-10-16T08:12:26.236Z",
    "duration": 12707,
    "testsRegistered": 2,
    "passPercent": 100,
    "pendingPercent": 0,
    "other": 0,
    "hasOther": false,
    "skipped": 0,
    "hasSkipped": false
  },
  "results": [
    {
      "uuid": "6dc9dfc4-56f8-4cfe-aa3e-beb9aeb0ed4c",
      "title": "",
      "fullFile": "cypress/e2e/allCalculator/InvestmentCalculators/lumpSumCalculator.cy.js",
      "file": "cypress/e2e/allCalculator/InvestmentCalculators/lumpSumCalculator.cy.js",
      "beforeHooks": [],
      "afterHooks": [],
      "tests": [],
      "suites": [
        {
          "uuid": "a832b486-b5a4-43b6-b608-23460bed5897",
          "title": "Lumpsum Calculator page",
          "fullFile": "",
          "file": "",
          "beforeHooks": [],
          "afterHooks": [],
          "tests": [
            {
              "title": "check all links of the page",
              "fullTitle": "Lumpsum Calculator page check all links of the page",
              "timedOut": null,
              "duration": 9873,
              "state": "passed",
              "speed": "medium",
              "pass": true,
              "fail": false,
              "pending": false,
              "context": null,
              "code": "cy.get('a').each(link => {\n  if (link.prop('href')) {\n    cy.request({\n      url: link.prop('href'),\n      failOnStatusCode: false,\n      timeOut: 10000\n    });\n    // cy.log(link.prop('href'))\n  }\n});",
              "err": {},
              "uuid": "c8a53a29-7223-4106-a4de-22168ce5c4be",
              "parentUUID": "a832b486-b5a4-43b6-b608-23460bed5897",
              "isHook": false,
              "skipped": false
            },
            {
              "title": "calculation with constant values",
              "fullTitle": "Lumpsum Calculator page calculation with constant values",
              "timedOut": null,
              "duration": 1787,
              "state": "passed",
              "speed": "fast",
              "pass": true,
              "fail": false,
              "pending": false,
              "context": null,
              "code": "const lumpsumCalculatorPageObj = new _lumpsumCalculatorPage.default();\nlumpsumCalculatorPageObj.investmentAmount.click();\nlumpsumCalculatorPageObj.investmentAmount.type('{selectall}{backspace}');\nlumpsumCalculatorPageObj.investmentAmount.type('{moveToEnd}');\nlumpsumCalculatorPageObj.investmentAmount.type('200000');\nlumpsumCalculatorPageObj.roi.type('{selectall}{backspace}');\nlumpsumCalculatorPageObj.roi.type('{moveToEnd}');\nlumpsumCalculatorPageObj.roi.type('9.7');\nlumpsumCalculatorPageObj.timePeriodYears.type('{selectall}{backspace}');\nlumpsumCalculatorPageObj.timePeriodYears.type('{moveToEnd}');\nlumpsumCalculatorPageObj.timePeriodYears.type('8');\ncy.xpath(`(//div[normalize-space()='200000'])[1]`).should('have.text', '200000');\ncy.xpath(`(//div[contains(text(),'219453')])[1]`).should('have.text', '219453');\ncy.xpath(`(//div[normalize-space()='419453'])[1]`).should('have.text', '419453');",
              "err": {},
              "uuid": "b7cdd7b1-0ae2-4045-b220-241870125417",
              "parentUUID": "a832b486-b5a4-43b6-b608-23460bed5897",
              "isHook": false,
              "skipped": false
            }
          ],
          "suites": [],
          "passes": [
            "c8a53a29-7223-4106-a4de-22168ce5c4be",
            "b7cdd7b1-0ae2-4045-b220-241870125417"
          ],
          "failures": [],
          "pending": [],
          "skipped": [],
          "duration": 11660,
          "root": false,
          "rootEmpty": false,
          "_timeout": 2000
        }
      ],
      "passes": [],
      "failures": [],
      "pending": [],
      "skipped": [],
      "duration": 0,
      "root": true,
      "rootEmpty": true,
      "_timeout": 2000
    }
  ],
  "meta": {
    "mocha": {
      "version": "7.0.1"
    },
    "mochawesome": {
      "options": {
        "quiet": false,
        "reportFilename": "mochawesome",
        "saveHtml": false,
        "saveJson": true,
        "consoleReporter": "spec",
        "useInlineDiffs": false,
        "code": true
      },
      "version": "7.1.3"
    },
    "marge": {
      "options": {
        "overwrite": false,
        "html": false,
        "json": true,
        "reportDir": "cypress/reports/html/.jsons"
      },
      "version": "6.2.0"
    }
  }
}