{
  "stats": {
    "suites": 1,
    "tests": 2,
    "passes": 2,
    "pending": 0,
    "failures": 0,
    "start": "2023-10-16T08:02:09.217Z",
    "end": "2023-10-16T08:02:23.765Z",
    "duration": 14548,
    "testsRegistered": 2,
    "passPercent": 100,
    "pendingPercent": 0,
    "other": 0,
    "hasOther": false,
    "skipped": 0,
    "hasSkipped": false
  },
  "results": [
    {
      "uuid": "57ec929a-2986-449d-9fda-73c50b9b981d",
      "title": "",
      "fullFile": "cypress/e2e/allCalculator/AllowancesExemptionsCalculator/hraExemptionCalculators.cy.js",
      "file": "cypress/e2e/allCalculator/AllowancesExemptionsCalculator/hraExemptionCalculators.cy.js",
      "beforeHooks": [],
      "afterHooks": [],
      "tests": [],
      "suites": [
        {
          "uuid": "d3bf6eeb-1107-46b7-854e-56b1ae1069fb",
          "title": "HRA Exemption calculator",
          "fullFile": "",
          "file": "",
          "beforeHooks": [],
          "afterHooks": [],
          "tests": [
            {
              "title": "Check all the links of the page",
              "fullTitle": "HRA Exemption calculator Check all the links of the page",
              "timedOut": null,
              "duration": 9087,
              "state": "passed",
              "speed": "medium",
              "pass": true,
              "fail": false,
              "pending": false,
              "context": null,
              "code": "cy.get('a').each(link => {\n  if (link.prop('href')) {\n    cy.request({\n      url: link.prop('href'),\n      failOnStatusCode: false,\n      timeout: 10000\n    });\n  }\n});",
              "err": {},
              "uuid": "27e7d85c-97d5-4260-bfc4-3fac336bb874",
              "parentUUID": "d3bf6eeb-1107-46b7-854e-56b1ae1069fb",
              "isHook": false,
              "skipped": false
            },
            {
              "title": "Calculation of the HRA Exemption Annually",
              "fullTitle": "HRA Exemption calculator Calculation of the HRA Exemption Annually",
              "timedOut": null,
              "duration": 4412,
              "state": "passed",
              "speed": "fast",
              "pass": true,
              "fail": false,
              "pending": false,
              "context": null,
              "code": "const hraExemptionCalculatorPageObj = new _hraExemptionCalculatorPage.default();\nhraExemptionCalculatorPageObj.hraInputType.click();\nhraExemptionCalculatorPageObj.hraInputTypeAnnually.click();\nhraExemptionCalculatorPageObj.hraStayingInMetro.click();\nhraExemptionCalculatorPageObj.hraStayingInMetroYes.click();\nhraExemptionCalculatorPageObj.hraBasicSalary.type('{selectall}{backspace}');\nhraExemptionCalculatorPageObj.hraBasicSalary.type('{moveToEnd}');\nhraExemptionCalculatorPageObj.hraBasicSalary.type('75000');\nhraExemptionCalculatorPageObj.hraReceived.type('{selectall}{backspace}');\nhraExemptionCalculatorPageObj.hraReceived.type('{moveToEnd}');\nhraExemptionCalculatorPageObj.hraReceived.type('30000');\nhraExemptionCalculatorPageObj.hraRentPaid.type('{selectall}{backspace}');\nhraExemptionCalculatorPageObj.hraRentPaid.type('{moveToEnd}');\nhraExemptionCalculatorPageObj.hraRentPaid.type('27000');\ncy.xpath(`(//div[normalize-space()='324000'])[1]`).as('rentPaidResult').should('have.text', '324000');\ncy.xpath(`(//div[contains(text(),'234000')])[1]`).as('hraAnnualExemptionAmount').should('have.text', '234000');",
              "err": {},
              "uuid": "a6084d49-86fd-45e6-bdec-f1405c5cacc4",
              "parentUUID": "d3bf6eeb-1107-46b7-854e-56b1ae1069fb",
              "isHook": false,
              "skipped": false
            }
          ],
          "suites": [],
          "passes": [
            "27e7d85c-97d5-4260-bfc4-3fac336bb874",
            "a6084d49-86fd-45e6-bdec-f1405c5cacc4"
          ],
          "failures": [],
          "pending": [],
          "skipped": [],
          "duration": 13499,
          "root": false,
          "rootEmpty": false,
          "_timeout": 2000
        }
      ],
      "passes": [],
      "failures": [],
      "pending": [],
      "skipped": [],
      "duration": 0,
      "root": true,
      "rootEmpty": true,
      "_timeout": 2000
    }
  ],
  "meta": {
    "mocha": {
      "version": "7.0.1"
    },
    "mochawesome": {
      "options": {
        "quiet": false,
        "reportFilename": "mochawesome",
        "saveHtml": false,
        "saveJson": true,
        "consoleReporter": "spec",
        "useInlineDiffs": false,
        "code": true
      },
      "version": "7.1.3"
    },
    "marge": {
      "options": {
        "overwrite": false,
        "html": false,
        "json": true,
        "reportDir": "cypress/reports/html/.jsons"
      },
      "version": "6.2.0"
    }
  }
}