{
  "stats": {
    "suites": 1,
    "tests": 3,
    "passes": 3,
    "pending": 0,
    "failures": 0,
    "start": "2023-10-16T08:03:11.033Z",
    "end": "2023-10-16T08:03:28.149Z",
    "duration": 17116,
    "testsRegistered": 3,
    "passPercent": 100,
    "pendingPercent": 0,
    "other": 0,
    "hasOther": false,
    "skipped": 0,
    "hasSkipped": false
  },
  "results": [
    {
      "uuid": "b2d792d0-00a4-49b6-adf3-852117439121",
      "title": "",
      "fullFile": "cypress/e2e/allCalculator/InvestmentCalculators/fixedDepositeCalculator.cy.js",
      "file": "cypress/e2e/allCalculator/InvestmentCalculators/fixedDepositeCalculator.cy.js",
      "beforeHooks": [],
      "afterHooks": [],
      "tests": [],
      "suites": [
        {
          "uuid": "c889eb24-a09b-4812-b7f7-51d78aec6340",
          "title": "Fixed Desposite Calculators",
          "fullFile": "",
          "file": "",
          "beforeHooks": [],
          "afterHooks": [],
          "tests": [
            {
              "title": "Fixed Disposeite calculation with invest Amount 200001, without selecting the month",
              "fullTitle": "Fixed Desposite Calculators Fixed Disposeite calculation with invest Amount 200001, without selecting the month",
              "timedOut": null,
              "duration": 3300,
              "state": "passed",
              "speed": "fast",
              "pass": true,
              "fail": false,
              "pending": false,
              "context": null,
              "code": "const fixedDepositeCalculatorPageObj = new _fixedDepositeCalculatorPage.default();\nfixedDepositeCalculatorPageObj.fixDespositeInvestmentAmount.click();\nfor (let n = 0; n < 6; n++) {\n  fixedDepositeCalculatorPageObj.fixDespositeInvestmentAmount.type('{backspace}');\n}\nfixedDepositeCalculatorPageObj.fixDespositeInvestmentAmount.type('20000');\nfixedDepositeCalculatorPageObj.fixDespositeExpectedAnnualReturnRate.type('{selectall}{backspace}');\nfixedDepositeCalculatorPageObj.fixDespositeExpectedAnnualReturnRate.type('8.9');\nfixedDepositeCalculatorPageObj.fixDespositeYear.type('{selectall}{backspace}');\nfixedDepositeCalculatorPageObj.fixDespositeYear.type('1');\n// fixedDepositeCalculatorPageObj.fixDespositeMonth.select('2',{setTimeout:2000})\nfixedDepositeCalculatorPageObj.fixDespositeInvestmentAmount.should('have.value', '200001');\nfixedDepositeCalculatorPageObj.fixedDepositeEstimatedReturns.should('have.text', '269148');\nfixedDepositeCalculatorPageObj.fixedDepositeReturnAmount.should('have.text', '469149');",
              "err": {},
              "uuid": "cfcc56c7-0618-4b96-9a16-1c6759cc967d",
              "parentUUID": "c889eb24-a09b-4812-b7f7-51d78aec6340",
              "isHook": false,
              "skipped": false
            },
            {
              "title": "Fixed Disposeite calculation with invest Amount 200001, with the month",
              "fullTitle": "Fixed Desposite Calculators Fixed Disposeite calculation with invest Amount 200001, with the month",
              "timedOut": null,
              "duration": 2687,
              "state": "passed",
              "speed": "fast",
              "pass": true,
              "fail": false,
              "pending": false,
              "context": null,
              "code": "const fixedDepositeCalculatorPageObj = new _fixedDepositeCalculatorPage.default();\nfixedDepositeCalculatorPageObj.fixDespositeExpectedAnnualReturnRate.type('{selectall}{backspace}');\nfixedDepositeCalculatorPageObj.fixDespositeExpectedAnnualReturnRate.type('8.9');\nfixedDepositeCalculatorPageObj.fixDespositeYear.type('{selectall}{backspace}');\nfixedDepositeCalculatorPageObj.fixDespositeYear.type('1');\ncy.get(`div[role='combobox']`).click();\ncy.xpath(`(//li[normalize-space()='5'])[1]`).click();\nfixedDepositeCalculatorPageObj.fixDespositeInvestmentAmount.should('have.value', '100000');\ncy.xpath(`(//div[contains(text(),'143056')])[1]`).should('have.text', '143056');\ncy.xpath(`(//div[normalize-space()='243056'])[1]`).should('have.text', '243056');",
              "err": {},
              "uuid": "c5d0ce2e-04e9-4534-9522-5db7778ac173",
              "parentUUID": "c889eb24-a09b-4812-b7f7-51d78aec6340",
              "isHook": false,
              "skipped": false
            },
            {
              "title": "check all links of the page",
              "fullTitle": "Fixed Desposite Calculators check all links of the page",
              "timedOut": null,
              "duration": 10068,
              "state": "passed",
              "speed": "slow",
              "pass": true,
              "fail": false,
              "pending": false,
              "context": null,
              "code": "cy.get('a').each(link => {\n  if (link.prop('href')) {\n    cy.request({\n      url: link.prop('href'),\n      failOnStatusCode: false,\n      timeOut: 10000\n    });\n    cy.log(link.prop('href'));\n  }\n});",
              "err": {},
              "uuid": "1dfe7f24-4d7d-4936-ade1-8c68ea2bd859",
              "parentUUID": "c889eb24-a09b-4812-b7f7-51d78aec6340",
              "isHook": false,
              "skipped": false
            }
          ],
          "suites": [],
          "passes": [
            "cfcc56c7-0618-4b96-9a16-1c6759cc967d",
            "c5d0ce2e-04e9-4534-9522-5db7778ac173",
            "1dfe7f24-4d7d-4936-ade1-8c68ea2bd859"
          ],
          "failures": [],
          "pending": [],
          "skipped": [],
          "duration": 16055,
          "root": false,
          "rootEmpty": false,
          "_timeout": 2000
        }
      ],
      "passes": [],
      "failures": [],
      "pending": [],
      "skipped": [],
      "duration": 0,
      "root": true,
      "rootEmpty": true,
      "_timeout": 2000
    }
  ],
  "meta": {
    "mocha": {
      "version": "7.0.1"
    },
    "mochawesome": {
      "options": {
        "quiet": false,
        "reportFilename": "mochawesome",
        "saveHtml": false,
        "saveJson": true,
        "consoleReporter": "spec",
        "useInlineDiffs": false,
        "code": true
      },
      "version": "7.1.3"
    },
    "marge": {
      "options": {
        "overwrite": false,
        "html": false,
        "json": true,
        "reportDir": "cypress/reports/html/.jsons"
      },
      "version": "6.2.0"
    }
  }
}