{
  "stats": {
    "suites": 1,
    "tests": 2,
    "passes": 2,
    "pending": 0,
    "failures": 0,
    "start": "2023-10-16T08:13:56.770Z",
    "end": "2023-10-16T08:14:11.047Z",
    "duration": 14277,
    "testsRegistered": 2,
    "passPercent": 100,
    "pendingPercent": 0,
    "other": 0,
    "hasOther": false,
    "skipped": 0,
    "hasSkipped": false
  },
  "results": [
    {
      "uuid": "8cff5104-b92d-4d8a-abf5-1d77393194aa",
      "title": "",
      "fullFile": "cypress/e2e/allCalculator/LongTermVewCalclulators/inflationCalculator.cy.js",
      "file": "cypress/e2e/allCalculator/LongTermVewCalclulators/inflationCalculator.cy.js",
      "beforeHooks": [],
      "afterHooks": [],
      "tests": [],
      "suites": [
        {
          "uuid": "af1764ee-6bf9-40d8-bb73-be00d5c88939",
          "title": "Inflation Calculatir",
          "fullFile": "",
          "file": "",
          "beforeHooks": [],
          "afterHooks": [],
          "tests": [
            {
              "title": "Check all the links of the page",
              "fullTitle": "Inflation Calculatir Check all the links of the page",
              "timedOut": null,
              "duration": 11261,
              "state": "passed",
              "speed": "slow",
              "pass": true,
              "fail": false,
              "pending": false,
              "context": null,
              "code": "cy.get('a').each(link => {\n  if (link.prop('href')) {\n    cy.request({\n      url: link.prop('href'),\n      failOnStatusCode: false,\n      timeout: 10000\n    });\n  }\n});",
              "err": {},
              "uuid": "c74356e4-edad-4ec1-8ec8-930a68eca52a",
              "parentUUID": "af1764ee-6bf9-40d8-bb73-be00d5c88939",
              "isHook": false,
              "skipped": false
            },
            {
              "title": "Calculation of Inflation for 120K with 2 years tenure",
              "fullTitle": "Inflation Calculatir Calculation of Inflation for 120K with 2 years tenure",
              "timedOut": null,
              "duration": 1935,
              "state": "passed",
              "speed": "fast",
              "pass": true,
              "fail": false,
              "pending": false,
              "context": null,
              "code": "const inflationCalculatorPageObj = new _inflationCalculatorPage.default();\ninflationCalculatorPageObj.currentValue.type('{selectall}{backspace}');\ninflationCalculatorPageObj.currentValue.type('{moveToEnd}');\ninflationCalculatorPageObj.currentValue.type('1200000');\ninflationCalculatorPageObj.rateOfInflation.type('{selectall}{backspace}');\ninflationCalculatorPageObj.rateOfInflation.type('{moveToEnd}');\ninflationCalculatorPageObj.rateOfInflation.type('5.5');\ninflationCalculatorPageObj.timePeriodYears.type('{selectall}{backspace}');\ninflationCalculatorPageObj.timePeriodYears.type('{moveToEnd}');\ninflationCalculatorPageObj.timePeriodYears.type('2');\ncy.xpath(`(//div[normalize-space()='1200000'])[1]`).as('CurrentValue').should('have.text', '1200000');\ncy.xpath(`(//div[contains(text(),'135630')])[1]`).as('ValueInflated').should('have.text', '135630');\ncy.xpath(`(//div[normalize-space()='1335630'])[1]`).as('FutureValue').should('have.text', '1335630');",
              "err": {},
              "uuid": "9ed27df1-8c8c-44a5-96c3-dadcb43eb4ab",
              "parentUUID": "af1764ee-6bf9-40d8-bb73-be00d5c88939",
              "isHook": false,
              "skipped": false
            }
          ],
          "suites": [],
          "passes": [
            "c74356e4-edad-4ec1-8ec8-930a68eca52a",
            "9ed27df1-8c8c-44a5-96c3-dadcb43eb4ab"
          ],
          "failures": [],
          "pending": [],
          "skipped": [],
          "duration": 13196,
          "root": false,
          "rootEmpty": false,
          "_timeout": 2000
        }
      ],
      "passes": [],
      "failures": [],
      "pending": [],
      "skipped": [],
      "duration": 0,
      "root": true,
      "rootEmpty": true,
      "_timeout": 2000
    }
  ],
  "meta": {
    "mocha": {
      "version": "7.0.1"
    },
    "mochawesome": {
      "options": {
        "quiet": false,
        "reportFilename": "mochawesome",
        "saveHtml": false,
        "saveJson": true,
        "consoleReporter": "spec",
        "useInlineDiffs": false,
        "code": true
      },
      "version": "7.1.3"
    },
    "marge": {
      "options": {
        "overwrite": false,
        "html": false,
        "json": true,
        "reportDir": "cypress/reports/html/.jsons"
      },
      "version": "6.2.0"
    }
  }
}