{
  "stats": {
    "suites": 1,
    "tests": 2,
    "passes": 2,
    "pending": 0,
    "failures": 0,
    "start": "2023-10-16T08:04:16.388Z",
    "end": "2023-10-16T08:04:27.463Z",
    "duration": 11075,
    "testsRegistered": 2,
    "passPercent": 100,
    "pendingPercent": 0,
    "other": 0,
    "hasOther": false,
    "skipped": 0,
    "hasSkipped": false
  },
  "results": [
    {
      "uuid": "4aadc791-38de-49eb-92a9-6783ef2a2f41",
      "title": "",
      "fullFile": "cypress/e2e/allCalculator/LongTermVewCalclulators/gratuityCalculator.cy.js",
      "file": "cypress/e2e/allCalculator/LongTermVewCalclulators/gratuityCalculator.cy.js",
      "beforeHooks": [],
      "afterHooks": [],
      "tests": [],
      "suites": [
        {
          "uuid": "f1391a41-b1a3-4958-b975-c1a5dc2ac316",
          "title": "Gratuity Calculatir",
          "fullFile": "",
          "file": "",
          "beforeHooks": [],
          "afterHooks": [],
          "tests": [
            {
              "title": "Check all the links of the page",
              "fullTitle": "Gratuity Calculatir Check all the links of the page",
              "timedOut": null,
              "duration": 8181,
              "state": "passed",
              "speed": "medium",
              "pass": true,
              "fail": false,
              "pending": false,
              "context": null,
              "code": "cy.get('a').each(link => {\n  if (link.prop('href')) {\n    cy.request({\n      url: link.prop('href'),\n      failOnStatusCode: false,\n      timeout: 10000\n    });\n  }\n});",
              "err": {},
              "uuid": "f8641355-a22f-4390-aa65-bf0a4b7ae557",
              "parentUUID": "f1391a41-b1a3-4958-b975-c1a5dc2ac316",
              "isHook": false,
              "skipped": false
            },
            {
              "title": "Calculation of Gratity with 7 years tenure",
              "fullTitle": "Gratuity Calculatir Calculation of Gratity with 7 years tenure",
              "timedOut": null,
              "duration": 1845,
              "state": "passed",
              "speed": "fast",
              "pass": true,
              "fail": false,
              "pending": false,
              "context": null,
              "code": "const gratuityCalculatorPageObj = new _gratuityCalculatorPage.default();\ngratuityCalculatorPageObj.lastDrawnbasic.type('{selectall}{backspace}');\ngratuityCalculatorPageObj.lastDrawnbasic.type('{moveToEnd}');\ngratuityCalculatorPageObj.lastDrawnbasic.type('67000');\ngratuityCalculatorPageObj.lastDrawnDA.type('{selectall}{backspace}');\ngratuityCalculatorPageObj.lastDrawnDA.type('{moveToEnd}');\ngratuityCalculatorPageObj.lastDrawnDA.type('22000');\ngratuityCalculatorPageObj.tenureOfService.type('{selectall}{backspace}');\ngratuityCalculatorPageObj.tenureOfService.type('{moveToEnd}');\ngratuityCalculatorPageObj.tenureOfService.type('7');\ncy.xpath(`(//div[normalize-space()='359423'])[1]`).as('TotalGratuityPayable').should('have.text', '359423');\ncy.xpath(`(//div[normalize-space()='7'])[1]`).as('TenureOfServuce').should('have.text', '7');",
              "err": {},
              "uuid": "e0fe0f21-cda0-46a1-b80a-13a20e79039e",
              "parentUUID": "f1391a41-b1a3-4958-b975-c1a5dc2ac316",
              "isHook": false,
              "skipped": false
            }
          ],
          "suites": [],
          "passes": [
            "f8641355-a22f-4390-aa65-bf0a4b7ae557",
            "e0fe0f21-cda0-46a1-b80a-13a20e79039e"
          ],
          "failures": [],
          "pending": [],
          "skipped": [],
          "duration": 10026,
          "root": false,
          "rootEmpty": false,
          "_timeout": 2000
        }
      ],
      "passes": [],
      "failures": [],
      "pending": [],
      "skipped": [],
      "duration": 0,
      "root": true,
      "rootEmpty": true,
      "_timeout": 2000
    }
  ],
  "meta": {
    "mocha": {
      "version": "7.0.1"
    },
    "mochawesome": {
      "options": {
        "quiet": false,
        "reportFilename": "mochawesome",
        "saveHtml": false,
        "saveJson": true,
        "consoleReporter": "spec",
        "useInlineDiffs": false,
        "code": true
      },
      "version": "7.1.3"
    },
    "marge": {
      "options": {
        "overwrite": false,
        "html": false,
        "json": true,
        "reportDir": "cypress/reports/html/.jsons"
      },
      "version": "6.2.0"
    }
  }
}